<?xml version="1.0" encoding="UTF-8"?>
<testng-results ignored="0" total="2" passed="0" failed="2" skipped="0">
  <reporter-output>
  </reporter-output>
  <suite started-at="2020-01-23T17:31:44 SGT" name="Device List" finished-at="2020-01-23T17:34:28 SGT" duration-ms="164434">
    <groups>
    </groups>
    <test started-at="2020-01-23T17:31:44 SGT" name="Samsung Galaxy S9" finished-at="2020-01-23T17:33:03 SGT" duration-ms="79446">
      <class name="test.testcases">
        <test-method is-config="true" signature="setCaps(java.lang.String, java.lang.String, java.lang.String, java.lang.String, java.lang.String, java.lang.String)[pri:0, instance:test.testcases@33afa13b]" started-at="2020-01-23T17:31:44 SGT" name="setCaps" finished-at="2020-01-23T17:32:02 SGT" duration-ms="18654" status="PASS">
          <params>
            <param index="0">
              <value>
                <![CDATA[5000]]>
              </value>
            </param>
            <param index="1">
              <value>
                <![CDATA[Samsung Galaxy S9]]>
              </value>
            </param>
            <param index="2">
              <value>
                <![CDATA[22b222b23d047ece]]>
              </value>
            </param>
            <param index="3">
              <value>
                <![CDATA[\\driverResources\\com.buuuk.st_com.sph.straitstimes.views.activities.SplashActivity_ver_713.apk]]>
              </value>
            </param>
            <param index="4">
              <value>
                <![CDATA[com.buuuk.st]]>
              </value>
            </param>
            <param index="5">
              <value>
                <![CDATA[com.sph.straitstimes.views.activities.SplashActivity]]>
              </value>
            </param>
          </params>
          <reporter-output>
          </reporter-output>
        </test-method> <!-- setCaps -->
        <test-method signature="agreeLiscensePage()[pri:0, instance:test.testcases@33afa13b]" started-at="2020-01-23T17:32:02 SGT" name="agreeLiscensePage" finished-at="2020-01-23T17:33:03 SGT" duration-ms="60574" status="FAIL">
          <exception class="org.openqa.selenium.NoSuchElementException">
            <message>
              <![CDATA[An element could not be located on the page using the given search parameters.
For documentation on this error, please visit: https://www.seleniumhq.org/exceptions/no_such_element.html
Build info: version: '3.141.59', revision: 'e82be7d358', time: '2018-11-14T08:17:03'
System info: host: 'NI-CNU409DTV0', ip: '10.0.75.1', os.name: 'Windows 10', os.arch: 'amd64', os.version: '10.0', java.version: '13.0.1'
Driver info: io.appium.java_client.android.AndroidDriver
Capabilities {app: C:\Users\senghwee\eclipse-w..., appActivity: com.sph.straitstimes.views...., appPackage: com.buuuk.st, automationName: UiAutomator2, databaseEnabled: false, desired: {app: C:\Users\senghwee\eclipse-w..., appActivity: com.sph.straitstimes.views...., appPackage: com.buuuk.st, automationName: UiAutomator2, deviceName: Samsung Galaxy S9, fullReset: false, noReset: true, platformName: android, udid: 22b222b23d047ece}, deviceApiLevel: 28, deviceManufacturer: samsung, deviceModel: SM-G960F, deviceName: 22b222b23d047ece, deviceScreenDensity: 480, deviceScreenSize: 1080x2220, deviceUDID: 22b222b23d047ece, fullReset: false, javascriptEnabled: true, locationContextEnabled: false, networkConnectionEnabled: true, noReset: true, pixelRatio: 3, platform: LINUX, platformName: Android, platformVersion: 9, statBarHeight: 72, takesScreenshot: true, udid: 22b222b23d047ece, viewportRect: {height: 2004, left: 0, top: 72, width: 1080}, warnings: {}, webStorageEnabled: false}
Session ID: 60333423-bc64-46c2-a501-457a8a646e5f
*** Element info: {Using=id, value=btn_tnc_ok}]]>
            </message>
            <full-stacktrace>
              <![CDATA[org.openqa.selenium.NoSuchElementException: An element could not be located on the page using the given search parameters.
For documentation on this error, please visit: https://www.seleniumhq.org/exceptions/no_such_element.html
Build info: version: '3.141.59', revision: 'e82be7d358', time: '2018-11-14T08:17:03'
System info: host: 'NI-CNU409DTV0', ip: '10.0.75.1', os.name: 'Windows 10', os.arch: 'amd64', os.version: '10.0', java.version: '13.0.1'
Driver info: io.appium.java_client.android.AndroidDriver
Capabilities {app: C:\Users\senghwee\eclipse-w..., appActivity: com.sph.straitstimes.views...., appPackage: com.buuuk.st, automationName: UiAutomator2, databaseEnabled: false, desired: {app: C:\Users\senghwee\eclipse-w..., appActivity: com.sph.straitstimes.views...., appPackage: com.buuuk.st, automationName: UiAutomator2, deviceName: Samsung Galaxy S9, fullReset: false, noReset: true, platformName: android, udid: 22b222b23d047ece}, deviceApiLevel: 28, deviceManufacturer: samsung, deviceModel: SM-G960F, deviceName: 22b222b23d047ece, deviceScreenDensity: 480, deviceScreenSize: 1080x2220, deviceUDID: 22b222b23d047ece, fullReset: false, javascriptEnabled: true, locationContextEnabled: false, networkConnectionEnabled: true, noReset: true, pixelRatio: 3, platform: LINUX, platformName: Android, platformVersion: 9, statBarHeight: 72, takesScreenshot: true, udid: 22b222b23d047ece, viewportRect: {height: 2004, left: 0, top: 72, width: 1080}, warnings: {}, webStorageEnabled: false}
Session ID: 60333423-bc64-46c2-a501-457a8a646e5f
*** Element info: {Using=id, value=btn_tnc_ok}
at java.base/jdk.internal.reflect.NativeConstructorAccessorImpl.newInstance0(Native Method)
at java.base/jdk.internal.reflect.NativeConstructorAccessorImpl.newInstance(NativeConstructorAccessorImpl.java:62)
at java.base/jdk.internal.reflect.DelegatingConstructorAccessorImpl.newInstance(DelegatingConstructorAccessorImpl.java:45)
at java.base/java.lang.reflect.Constructor.newInstanceWithCaller(Constructor.java:500)
at java.base/java.lang.reflect.Constructor.newInstance(Constructor.java:481)
at org.openqa.selenium.remote.http.W3CHttpResponseCodec.createException(W3CHttpResponseCodec.java:187)
at org.openqa.selenium.remote.http.W3CHttpResponseCodec.decode(W3CHttpResponseCodec.java:122)
at org.openqa.selenium.remote.http.W3CHttpResponseCodec.decode(W3CHttpResponseCodec.java:49)
at org.openqa.selenium.remote.HttpCommandExecutor.execute(HttpCommandExecutor.java:158)
at io.appium.java_client.remote.AppiumCommandExecutor.execute(AppiumCommandExecutor.java:239)
at org.openqa.selenium.remote.RemoteWebDriver.execute(RemoteWebDriver.java:552)
at io.appium.java_client.DefaultGenericMobileDriver.execute(DefaultGenericMobileDriver.java:41)
at io.appium.java_client.AppiumDriver.execute(AppiumDriver.java:1)
at io.appium.java_client.android.AndroidDriver.execute(AndroidDriver.java:1)
at org.openqa.selenium.remote.RemoteWebDriver.findElement(RemoteWebDriver.java:323)
at io.appium.java_client.DefaultGenericMobileDriver.findElement(DefaultGenericMobileDriver.java:61)
at io.appium.java_client.AppiumDriver.findElement(AppiumDriver.java:1)
at io.appium.java_client.android.AndroidDriver.findElement(AndroidDriver.java:1)
at org.openqa.selenium.remote.RemoteWebDriver.findElementById(RemoteWebDriver.java:372)
at io.appium.java_client.DefaultGenericMobileDriver.findElementById(DefaultGenericMobileDriver.java:69)
at io.appium.java_client.AppiumDriver.findElementById(AppiumDriver.java:1)
at io.appium.java_client.android.AndroidDriver.findElementById(AndroidDriver.java:1)
at test.testcases.agreeLiscensePage(testcases.java:26)
at java.base/jdk.internal.reflect.NativeMethodAccessorImpl.invoke0(Native Method)
at java.base/jdk.internal.reflect.NativeMethodAccessorImpl.invoke(NativeMethodAccessorImpl.java:62)
at java.base/jdk.internal.reflect.DelegatingMethodAccessorImpl.invoke(DelegatingMethodAccessorImpl.java:43)
at java.base/java.lang.reflect.Method.invoke(Method.java:567)
at org.testng.internal.MethodInvocationHelper.invokeMethod(MethodInvocationHelper.java:134)
at org.testng.internal.TestInvoker.invokeMethod(TestInvoker.java:597)
at org.testng.internal.TestInvoker.invokeTestMethod(TestInvoker.java:173)
at org.testng.internal.MethodRunner.runInSequence(MethodRunner.java:46)
at org.testng.internal.TestInvoker$MethodInvocationAgent.invoke(TestInvoker.java:816)
at org.testng.internal.TestInvoker.invokeTestMethods(TestInvoker.java:146)
at org.testng.internal.TestMethodWorker.invokeTestMethods(TestMethodWorker.java:146)
at org.testng.internal.TestMethodWorker.run(TestMethodWorker.java:128)
at java.base/java.util.concurrent.ThreadPoolExecutor.runWorker(ThreadPoolExecutor.java:1128)
at java.base/java.util.concurrent.ThreadPoolExecutor$Worker.run(ThreadPoolExecutor.java:628)
at java.base/java.lang.Thread.run(Thread.java:830)
]]>
            </full-stacktrace>
          </exception> <!-- org.openqa.selenium.NoSuchElementException -->
          <reporter-output>
          </reporter-output>
        </test-method> <!-- agreeLiscensePage -->
        <test-method is-config="true" signature="endTest()[pri:0, instance:test.testcases@33afa13b]" started-at="2020-01-23T17:33:03 SGT" name="endTest" finished-at="2020-01-23T17:33:03 SGT" duration-ms="101" status="FAIL">
          <exception class="org.openqa.selenium.WebDriverException">
            <message>
              <![CDATA[An unknown server-side error occurred while processing the command. Original error: Could not proxy. Proxy error: Could not proxy command to remote server. Original error: 404 - undefined
Build info: version: '3.141.59', revision: 'e82be7d358', time: '2018-11-14T08:17:03'
System info: host: 'NI-CNU409DTV0', ip: '10.0.75.1', os.name: 'Windows 10', os.arch: 'amd64', os.version: '10.0', java.version: '13.0.1'
Driver info: io.appium.java_client.android.AndroidDriver
Capabilities {app: C:\Users\senghwee\eclipse-w..., appActivity: com.sph.straitstimes.views...., appPackage: com.buuuk.st, automationName: UiAutomator2, databaseEnabled: false, desired: {app: C:\Users\senghwee\eclipse-w..., appActivity: com.sph.straitstimes.views...., appPackage: com.buuuk.st, automationName: UiAutomator2, deviceName: Samsung Galaxy S9, fullReset: false, noReset: true, platformName: android, udid: 22b222b23d047ece}, deviceApiLevel: 28, deviceManufacturer: samsung, deviceModel: SM-G960F, deviceName: 22b222b23d047ece, deviceScreenDensity: 480, deviceScreenSize: 1080x2220, deviceUDID: 22b222b23d047ece, fullReset: false, javascriptEnabled: true, locationContextEnabled: false, networkConnectionEnabled: true, noReset: true, pixelRatio: 3, platform: LINUX, platformName: Android, platformVersion: 9, statBarHeight: 72, takesScreenshot: true, udid: 22b222b23d047ece, viewportRect: {height: 2004, left: 0, top: 72, width: 1080}, warnings: {}, webStorageEnabled: false}
Session ID: 60333423-bc64-46c2-a501-457a8a646e5f]]>
            </message>
            <full-stacktrace>
              <![CDATA[org.openqa.selenium.WebDriverException: An unknown server-side error occurred while processing the command. Original error: Could not proxy. Proxy error: Could not proxy command to remote server. Original error: 404 - undefined
Build info: version: '3.141.59', revision: 'e82be7d358', time: '2018-11-14T08:17:03'
System info: host: 'NI-CNU409DTV0', ip: '10.0.75.1', os.name: 'Windows 10', os.arch: 'amd64', os.version: '10.0', java.version: '13.0.1'
Driver info: io.appium.java_client.android.AndroidDriver
Capabilities {app: C:\Users\senghwee\eclipse-w..., appActivity: com.sph.straitstimes.views...., appPackage: com.buuuk.st, automationName: UiAutomator2, databaseEnabled: false, desired: {app: C:\Users\senghwee\eclipse-w..., appActivity: com.sph.straitstimes.views...., appPackage: com.buuuk.st, automationName: UiAutomator2, deviceName: Samsung Galaxy S9, fullReset: false, noReset: true, platformName: android, udid: 22b222b23d047ece}, deviceApiLevel: 28, deviceManufacturer: samsung, deviceModel: SM-G960F, deviceName: 22b222b23d047ece, deviceScreenDensity: 480, deviceScreenSize: 1080x2220, deviceUDID: 22b222b23d047ece, fullReset: false, javascriptEnabled: true, locationContextEnabled: false, networkConnectionEnabled: true, noReset: true, pixelRatio: 3, platform: LINUX, platformName: Android, platformVersion: 9, statBarHeight: 72, takesScreenshot: true, udid: 22b222b23d047ece, viewportRect: {height: 2004, left: 0, top: 72, width: 1080}, warnings: {}, webStorageEnabled: false}
Session ID: 60333423-bc64-46c2-a501-457a8a646e5f
at java.base/jdk.internal.reflect.NativeConstructorAccessorImpl.newInstance0(Native Method)
at java.base/jdk.internal.reflect.NativeConstructorAccessorImpl.newInstance(NativeConstructorAccessorImpl.java:62)
at java.base/jdk.internal.reflect.DelegatingConstructorAccessorImpl.newInstance(DelegatingConstructorAccessorImpl.java:45)
at java.base/java.lang.reflect.Constructor.newInstanceWithCaller(Constructor.java:500)
at java.base/java.lang.reflect.Constructor.newInstance(Constructor.java:481)
at org.openqa.selenium.remote.http.W3CHttpResponseCodec.createException(W3CHttpResponseCodec.java:187)
at org.openqa.selenium.remote.http.W3CHttpResponseCodec.decode(W3CHttpResponseCodec.java:122)
at org.openqa.selenium.remote.http.W3CHttpResponseCodec.decode(W3CHttpResponseCodec.java:49)
at org.openqa.selenium.remote.HttpCommandExecutor.execute(HttpCommandExecutor.java:158)
at io.appium.java_client.remote.AppiumCommandExecutor.execute(AppiumCommandExecutor.java:239)
at org.openqa.selenium.remote.RemoteWebDriver.execute(RemoteWebDriver.java:552)
at io.appium.java_client.DefaultGenericMobileDriver.execute(DefaultGenericMobileDriver.java:45)
at io.appium.java_client.AppiumDriver.execute(AppiumDriver.java:1)
at io.appium.java_client.android.AndroidDriver.execute(AndroidDriver.java:1)
at org.openqa.selenium.remote.RemoteWebDriver.close(RemoteWebDriver.java:442)
at hooks.BeforeAfterHooks.endTest(BeforeAfterHooks.java:76)
at java.base/jdk.internal.reflect.NativeMethodAccessorImpl.invoke0(Native Method)
at java.base/jdk.internal.reflect.NativeMethodAccessorImpl.invoke(NativeMethodAccessorImpl.java:62)
at java.base/jdk.internal.reflect.DelegatingMethodAccessorImpl.invoke(DelegatingMethodAccessorImpl.java:43)
at java.base/java.lang.reflect.Method.invoke(Method.java:567)
at org.testng.internal.MethodInvocationHelper.invokeMethod(MethodInvocationHelper.java:134)
at org.testng.internal.MethodInvocationHelper.invokeMethodConsideringTimeout(MethodInvocationHelper.java:63)
at org.testng.internal.ConfigInvoker.invokeConfigurationMethod(ConfigInvoker.java:348)
at org.testng.internal.ConfigInvoker.invokeConfigurations(ConfigInvoker.java:302)
at org.testng.internal.TestInvoker.runConfigMethods(TestInvoker.java:695)
at org.testng.internal.TestInvoker.runAfterGroupsConfigurations(TestInvoker.java:671)
at org.testng.internal.TestInvoker.invokeMethod(TestInvoker.java:655)
at org.testng.internal.TestInvoker.invokeTestMethod(TestInvoker.java:173)
at org.testng.internal.MethodRunner.runInSequence(MethodRunner.java:46)
at org.testng.internal.TestInvoker$MethodInvocationAgent.invoke(TestInvoker.java:816)
at org.testng.internal.TestInvoker.invokeTestMethods(TestInvoker.java:146)
at org.testng.internal.TestMethodWorker.invokeTestMethods(TestMethodWorker.java:146)
at org.testng.internal.TestMethodWorker.run(TestMethodWorker.java:128)
at java.base/java.util.concurrent.ThreadPoolExecutor.runWorker(ThreadPoolExecutor.java:1128)
at java.base/java.util.concurrent.ThreadPoolExecutor$Worker.run(ThreadPoolExecutor.java:628)
at java.base/java.lang.Thread.run(Thread.java:830)
]]>
            </full-stacktrace>
          </exception> <!-- org.openqa.selenium.WebDriverException -->
          <reporter-output>
          </reporter-output>
        </test-method> <!-- endTest -->
      </class> <!-- test.testcases -->
    </test> <!-- Samsung Galaxy S9 -->
    <test started-at="2020-01-23T17:33:03 SGT" name="Samsung Galaxy Note 4" finished-at="2020-01-23T17:34:28 SGT" duration-ms="84865">
      <class name="test.testcases">
        <test-method is-config="true" signature="setCaps(java.lang.String, java.lang.String, java.lang.String, java.lang.String, java.lang.String, java.lang.String)[pri:0, instance:test.testcases@670002]" started-at="2020-01-23T17:33:03 SGT" name="setCaps" finished-at="2020-01-23T17:33:27 SGT" duration-ms="24181" status="PASS">
          <params>
            <param index="0">
              <value>
                <![CDATA[4724]]>
              </value>
            </param>
            <param index="1">
              <value>
                <![CDATA[Samsung Galaxy Note 4]]>
              </value>
            </param>
            <param index="2">
              <value>
                <![CDATA[4222c2db]]>
              </value>
            </param>
            <param index="3">
              <value>
                <![CDATA[\\driverResources\\com.buuuk.st_com.sph.straitstimes.views.activities.SplashActivity_ver_713.apk]]>
              </value>
            </param>
            <param index="4">
              <value>
                <![CDATA[com.buuuk.st]]>
              </value>
            </param>
            <param index="5">
              <value>
                <![CDATA[com.sph.straitstimes.views.activities.SplashActivity]]>
              </value>
            </param>
          </params>
          <reporter-output>
          </reporter-output>
        </test-method> <!-- setCaps -->
        <test-method signature="agreeLiscensePage()[pri:0, instance:test.testcases@670002]" started-at="2020-01-23T17:33:27 SGT" name="agreeLiscensePage" finished-at="2020-01-23T17:34:28 SGT" duration-ms="60566" status="FAIL">
          <exception class="org.openqa.selenium.NoSuchElementException">
            <message>
              <![CDATA[An element could not be located on the page using the given search parameters.
For documentation on this error, please visit: https://www.seleniumhq.org/exceptions/no_such_element.html
Build info: version: '3.141.59', revision: 'e82be7d358', time: '2018-11-14T08:17:03'
System info: host: 'NI-CNU409DTV0', ip: '10.0.75.1', os.name: 'Windows 10', os.arch: 'amd64', os.version: '10.0', java.version: '13.0.1'
Driver info: io.appium.java_client.android.AndroidDriver
Capabilities {app: C:\Users\senghwee\eclipse-w..., appActivity: com.sph.straitstimes.views...., appPackage: com.buuuk.st, automationName: UiAutomator2, databaseEnabled: false, desired: {app: C:\Users\senghwee\eclipse-w..., appActivity: com.sph.straitstimes.views...., appPackage: com.buuuk.st, automationName: UiAutomator2, deviceName: Samsung Galaxy Note 4, fullReset: false, noReset: true, platformName: android, udid: 4222c2db}, deviceApiLevel: 23, deviceManufacturer: samsung, deviceModel: SM-N910G, deviceName: 4222c2db, deviceScreenDensity: 640, deviceScreenSize: 1440x2560, deviceUDID: 4222c2db, fullReset: false, javascriptEnabled: true, locationContextEnabled: false, networkConnectionEnabled: true, noReset: true, pixelRatio: 4, platform: LINUX, platformName: Android, platformVersion: 6.0.1, statBarHeight: 96, takesScreenshot: true, udid: 4222c2db, viewportRect: {height: 2464, left: 0, top: 96, width: 1440}, warnings: {}, webStorageEnabled: false}
Session ID: 6dd4ec2e-348f-44cf-a98b-0ea73082c277
*** Element info: {Using=id, value=btn_tnc_ok}]]>
            </message>
            <full-stacktrace>
              <![CDATA[org.openqa.selenium.NoSuchElementException: An element could not be located on the page using the given search parameters.
For documentation on this error, please visit: https://www.seleniumhq.org/exceptions/no_such_element.html
Build info: version: '3.141.59', revision: 'e82be7d358', time: '2018-11-14T08:17:03'
System info: host: 'NI-CNU409DTV0', ip: '10.0.75.1', os.name: 'Windows 10', os.arch: 'amd64', os.version: '10.0', java.version: '13.0.1'
Driver info: io.appium.java_client.android.AndroidDriver
Capabilities {app: C:\Users\senghwee\eclipse-w..., appActivity: com.sph.straitstimes.views...., appPackage: com.buuuk.st, automationName: UiAutomator2, databaseEnabled: false, desired: {app: C:\Users\senghwee\eclipse-w..., appActivity: com.sph.straitstimes.views...., appPackage: com.buuuk.st, automationName: UiAutomator2, deviceName: Samsung Galaxy Note 4, fullReset: false, noReset: true, platformName: android, udid: 4222c2db}, deviceApiLevel: 23, deviceManufacturer: samsung, deviceModel: SM-N910G, deviceName: 4222c2db, deviceScreenDensity: 640, deviceScreenSize: 1440x2560, deviceUDID: 4222c2db, fullReset: false, javascriptEnabled: true, locationContextEnabled: false, networkConnectionEnabled: true, noReset: true, pixelRatio: 4, platform: LINUX, platformName: Android, platformVersion: 6.0.1, statBarHeight: 96, takesScreenshot: true, udid: 4222c2db, viewportRect: {height: 2464, left: 0, top: 96, width: 1440}, warnings: {}, webStorageEnabled: false}
Session ID: 6dd4ec2e-348f-44cf-a98b-0ea73082c277
*** Element info: {Using=id, value=btn_tnc_ok}
at java.base/jdk.internal.reflect.NativeConstructorAccessorImpl.newInstance0(Native Method)
at java.base/jdk.internal.reflect.NativeConstructorAccessorImpl.newInstance(NativeConstructorAccessorImpl.java:62)
at java.base/jdk.internal.reflect.DelegatingConstructorAccessorImpl.newInstance(DelegatingConstructorAccessorImpl.java:45)
at java.base/java.lang.reflect.Constructor.newInstanceWithCaller(Constructor.java:500)
at java.base/java.lang.reflect.Constructor.newInstance(Constructor.java:481)
at org.openqa.selenium.remote.http.W3CHttpResponseCodec.createException(W3CHttpResponseCodec.java:187)
at org.openqa.selenium.remote.http.W3CHttpResponseCodec.decode(W3CHttpResponseCodec.java:122)
at org.openqa.selenium.remote.http.W3CHttpResponseCodec.decode(W3CHttpResponseCodec.java:49)
at org.openqa.selenium.remote.HttpCommandExecutor.execute(HttpCommandExecutor.java:158)
at io.appium.java_client.remote.AppiumCommandExecutor.execute(AppiumCommandExecutor.java:239)
at org.openqa.selenium.remote.RemoteWebDriver.execute(RemoteWebDriver.java:552)
at io.appium.java_client.DefaultGenericMobileDriver.execute(DefaultGenericMobileDriver.java:41)
at io.appium.java_client.AppiumDriver.execute(AppiumDriver.java:1)
at io.appium.java_client.android.AndroidDriver.execute(AndroidDriver.java:1)
at org.openqa.selenium.remote.RemoteWebDriver.findElement(RemoteWebDriver.java:323)
at io.appium.java_client.DefaultGenericMobileDriver.findElement(DefaultGenericMobileDriver.java:61)
at io.appium.java_client.AppiumDriver.findElement(AppiumDriver.java:1)
at io.appium.java_client.android.AndroidDriver.findElement(AndroidDriver.java:1)
at org.openqa.selenium.remote.RemoteWebDriver.findElementById(RemoteWebDriver.java:372)
at io.appium.java_client.DefaultGenericMobileDriver.findElementById(DefaultGenericMobileDriver.java:69)
at io.appium.java_client.AppiumDriver.findElementById(AppiumDriver.java:1)
at io.appium.java_client.android.AndroidDriver.findElementById(AndroidDriver.java:1)
at test.testcases.agreeLiscensePage(testcases.java:26)
at java.base/jdk.internal.reflect.NativeMethodAccessorImpl.invoke0(Native Method)
at java.base/jdk.internal.reflect.NativeMethodAccessorImpl.invoke(NativeMethodAccessorImpl.java:62)
at java.base/jdk.internal.reflect.DelegatingMethodAccessorImpl.invoke(DelegatingMethodAccessorImpl.java:43)
at java.base/java.lang.reflect.Method.invoke(Method.java:567)
at org.testng.internal.MethodInvocationHelper.invokeMethod(MethodInvocationHelper.java:134)
at org.testng.internal.TestInvoker.invokeMethod(TestInvoker.java:597)
at org.testng.internal.TestInvoker.invokeTestMethod(TestInvoker.java:173)
at org.testng.internal.MethodRunner.runInSequence(MethodRunner.java:46)
at org.testng.internal.TestInvoker$MethodInvocationAgent.invoke(TestInvoker.java:816)
at org.testng.internal.TestInvoker.invokeTestMethods(TestInvoker.java:146)
at org.testng.internal.TestMethodWorker.invokeTestMethods(TestMethodWorker.java:146)
at org.testng.internal.TestMethodWorker.run(TestMethodWorker.java:128)
at java.base/java.util.concurrent.ThreadPoolExecutor.runWorker(ThreadPoolExecutor.java:1128)
at java.base/java.util.concurrent.ThreadPoolExecutor$Worker.run(ThreadPoolExecutor.java:628)
at java.base/java.lang.Thread.run(Thread.java:830)
]]>
            </full-stacktrace>
          </exception> <!-- org.openqa.selenium.NoSuchElementException -->
          <reporter-output>
          </reporter-output>
        </test-method> <!-- agreeLiscensePage -->
        <test-method is-config="true" signature="endTest()[pri:0, instance:test.testcases@670002]" started-at="2020-01-23T17:34:28 SGT" name="endTest" finished-at="2020-01-23T17:34:28 SGT" duration-ms="94" status="FAIL">
          <exception class="org.openqa.selenium.WebDriverException">
            <message>
              <![CDATA[An unknown server-side error occurred while processing the command. Original error: Could not proxy. Proxy error: Could not proxy command to remote server. Original error: 404 - undefined
Build info: version: '3.141.59', revision: 'e82be7d358', time: '2018-11-14T08:17:03'
System info: host: 'NI-CNU409DTV0', ip: '10.0.75.1', os.name: 'Windows 10', os.arch: 'amd64', os.version: '10.0', java.version: '13.0.1'
Driver info: io.appium.java_client.android.AndroidDriver
Capabilities {app: C:\Users\senghwee\eclipse-w..., appActivity: com.sph.straitstimes.views...., appPackage: com.buuuk.st, automationName: UiAutomator2, databaseEnabled: false, desired: {app: C:\Users\senghwee\eclipse-w..., appActivity: com.sph.straitstimes.views...., appPackage: com.buuuk.st, automationName: UiAutomator2, deviceName: Samsung Galaxy Note 4, fullReset: false, noReset: true, platformName: android, udid: 4222c2db}, deviceApiLevel: 23, deviceManufacturer: samsung, deviceModel: SM-N910G, deviceName: 4222c2db, deviceScreenDensity: 640, deviceScreenSize: 1440x2560, deviceUDID: 4222c2db, fullReset: false, javascriptEnabled: true, locationContextEnabled: false, networkConnectionEnabled: true, noReset: true, pixelRatio: 4, platform: LINUX, platformName: Android, platformVersion: 6.0.1, statBarHeight: 96, takesScreenshot: true, udid: 4222c2db, viewportRect: {height: 2464, left: 0, top: 96, width: 1440}, warnings: {}, webStorageEnabled: false}
Session ID: 6dd4ec2e-348f-44cf-a98b-0ea73082c277]]>
            </message>
            <full-stacktrace>
              <![CDATA[org.openqa.selenium.WebDriverException: An unknown server-side error occurred while processing the command. Original error: Could not proxy. Proxy error: Could not proxy command to remote server. Original error: 404 - undefined
Build info: version: '3.141.59', revision: 'e82be7d358', time: '2018-11-14T08:17:03'
System info: host: 'NI-CNU409DTV0', ip: '10.0.75.1', os.name: 'Windows 10', os.arch: 'amd64', os.version: '10.0', java.version: '13.0.1'
Driver info: io.appium.java_client.android.AndroidDriver
Capabilities {app: C:\Users\senghwee\eclipse-w..., appActivity: com.sph.straitstimes.views...., appPackage: com.buuuk.st, automationName: UiAutomator2, databaseEnabled: false, desired: {app: C:\Users\senghwee\eclipse-w..., appActivity: com.sph.straitstimes.views...., appPackage: com.buuuk.st, automationName: UiAutomator2, deviceName: Samsung Galaxy Note 4, fullReset: false, noReset: true, platformName: android, udid: 4222c2db}, deviceApiLevel: 23, deviceManufacturer: samsung, deviceModel: SM-N910G, deviceName: 4222c2db, deviceScreenDensity: 640, deviceScreenSize: 1440x2560, deviceUDID: 4222c2db, fullReset: false, javascriptEnabled: true, locationContextEnabled: false, networkConnectionEnabled: true, noReset: true, pixelRatio: 4, platform: LINUX, platformName: Android, platformVersion: 6.0.1, statBarHeight: 96, takesScreenshot: true, udid: 4222c2db, viewportRect: {height: 2464, left: 0, top: 96, width: 1440}, warnings: {}, webStorageEnabled: false}
Session ID: 6dd4ec2e-348f-44cf-a98b-0ea73082c277
at java.base/jdk.internal.reflect.NativeConstructorAccessorImpl.newInstance0(Native Method)
at java.base/jdk.internal.reflect.NativeConstructorAccessorImpl.newInstance(NativeConstructorAccessorImpl.java:62)
at java.base/jdk.internal.reflect.DelegatingConstructorAccessorImpl.newInstance(DelegatingConstructorAccessorImpl.java:45)
at java.base/java.lang.reflect.Constructor.newInstanceWithCaller(Constructor.java:500)
at java.base/java.lang.reflect.Constructor.newInstance(Constructor.java:481)
at org.openqa.selenium.remote.http.W3CHttpResponseCodec.createException(W3CHttpResponseCodec.java:187)
at org.openqa.selenium.remote.http.W3CHttpResponseCodec.decode(W3CHttpResponseCodec.java:122)
at org.openqa.selenium.remote.http.W3CHttpResponseCodec.decode(W3CHttpResponseCodec.java:49)
at org.openqa.selenium.remote.HttpCommandExecutor.execute(HttpCommandExecutor.java:158)
at io.appium.java_client.remote.AppiumCommandExecutor.execute(AppiumCommandExecutor.java:239)
at org.openqa.selenium.remote.RemoteWebDriver.execute(RemoteWebDriver.java:552)
at io.appium.java_client.DefaultGenericMobileDriver.execute(DefaultGenericMobileDriver.java:45)
at io.appium.java_client.AppiumDriver.execute(AppiumDriver.java:1)
at io.appium.java_client.android.AndroidDriver.execute(AndroidDriver.java:1)
at org.openqa.selenium.remote.RemoteWebDriver.close(RemoteWebDriver.java:442)
at hooks.BeforeAfterHooks.endTest(BeforeAfterHooks.java:76)
at java.base/jdk.internal.reflect.NativeMethodAccessorImpl.invoke0(Native Method)
at java.base/jdk.internal.reflect.NativeMethodAccessorImpl.invoke(NativeMethodAccessorImpl.java:62)
at java.base/jdk.internal.reflect.DelegatingMethodAccessorImpl.invoke(DelegatingMethodAccessorImpl.java:43)
at java.base/java.lang.reflect.Method.invoke(Method.java:567)
at org.testng.internal.MethodInvocationHelper.invokeMethod(MethodInvocationHelper.java:134)
at org.testng.internal.MethodInvocationHelper.invokeMethodConsideringTimeout(MethodInvocationHelper.java:63)
at org.testng.internal.ConfigInvoker.invokeConfigurationMethod(ConfigInvoker.java:348)
at org.testng.internal.ConfigInvoker.invokeConfigurations(ConfigInvoker.java:302)
at org.testng.internal.TestInvoker.runConfigMethods(TestInvoker.java:695)
at org.testng.internal.TestInvoker.runAfterGroupsConfigurations(TestInvoker.java:671)
at org.testng.internal.TestInvoker.invokeMethod(TestInvoker.java:655)
at org.testng.internal.TestInvoker.invokeTestMethod(TestInvoker.java:173)
at org.testng.internal.MethodRunner.runInSequence(MethodRunner.java:46)
at org.testng.internal.TestInvoker$MethodInvocationAgent.invoke(TestInvoker.java:816)
at org.testng.internal.TestInvoker.invokeTestMethods(TestInvoker.java:146)
at org.testng.internal.TestMethodWorker.invokeTestMethods(TestMethodWorker.java:146)
at org.testng.internal.TestMethodWorker.run(TestMethodWorker.java:128)
at java.base/java.util.concurrent.ThreadPoolExecutor.runWorker(ThreadPoolExecutor.java:1128)
at java.base/java.util.concurrent.ThreadPoolExecutor$Worker.run(ThreadPoolExecutor.java:628)
at java.base/java.lang.Thread.run(Thread.java:830)
]]>
            </full-stacktrace>
          </exception> <!-- org.openqa.selenium.WebDriverException -->
          <reporter-output>
          </reporter-output>
        </test-method> <!-- endTest -->
      </class> <!-- test.testcases -->
    </test> <!-- Samsung Galaxy Note 4 -->
  </suite> <!-- Device List -->
</testng-results>
