<?xml version="1.0" encoding="UTF-8"?>
<!-- Generated by org.testng.reporters.JUnitXMLReporter -->
<testsuite ignored="0" hostname="NI-CNU409DTV0" failures="1" tests="1" name="Samsung Galaxy S9" time="79.446" errors="0" timestamp="2020-01-23T17:33:03 SGT">
  <testcase classname="test.testcases" name="agreeLiscensePage" time="60.574">
    <failure type="org.openqa.selenium.NoSuchElementException" message="An element could not be located on the page using the given search parameters.
For documentation on this error, please visit: https://www.seleniumhq.org/exceptions/no_such_element.html
Build info: version: &amp;apos;3.141.59&amp;apos;, revision: &amp;apos;e82be7d358&amp;apos;, time: &amp;apos;2018-11-14T08:17:03&amp;apos;
System info: host: &amp;apos;NI-CNU409DTV0&amp;apos;, ip: &amp;apos;10.0.75.1&amp;apos;, os.name: &amp;apos;Windows 10&amp;apos;, os.arch: &amp;apos;amd64&amp;apos;, os.version: &amp;apos;10.0&amp;apos;, java.version: &amp;apos;13.0.1&amp;apos;
Driver info: io.appium.java_client.android.AndroidDriver
Capabilities {app: C:\Users\senghwee\eclipse-w..., appActivity: com.sph.straitstimes.views...., appPackage: com.buuuk.st, automationName: UiAutomator2, databaseEnabled: false, desired: {app: C:\Users\senghwee\eclipse-w..., appActivity: com.sph.straitstimes.views...., appPackage: com.buuuk.st, automationName: UiAutomator2, deviceName: Samsung Galaxy S9, fullReset: false, noReset: true, platformName: android, udid: 22b222b23d047ece}, deviceApiLevel: 28, deviceManufacturer: samsung, deviceModel: SM-G960F, deviceName: 22b222b23d047ece, deviceScreenDensity: 480, deviceScreenSize: 1080x2220, deviceUDID: 22b222b23d047ece, fullReset: false, javascriptEnabled: true, locationContextEnabled: false, networkConnectionEnabled: true, noReset: true, pixelRatio: 3, platform: LINUX, platformName: Android, platformVersion: 9, statBarHeight: 72, takesScreenshot: true, udid: 22b222b23d047ece, viewportRect: {height: 2004, left: 0, top: 72, width: 1080}, warnings: {}, webStorageEnabled: false}
Session ID: 60333423-bc64-46c2-a501-457a8a646e5f
*** Element info: {Using=id, value=btn_tnc_ok}">
      <![CDATA[org.openqa.selenium.NoSuchElementException: An element could not be located on the page using the given search parameters.
For documentation on this error, please visit: https://www.seleniumhq.org/exceptions/no_such_element.html
Build info: version: '3.141.59', revision: 'e82be7d358', time: '2018-11-14T08:17:03'
System info: host: 'NI-CNU409DTV0', ip: '10.0.75.1', os.name: 'Windows 10', os.arch: 'amd64', os.version: '10.0', java.version: '13.0.1'
Driver info: io.appium.java_client.android.AndroidDriver
Capabilities {app: C:\Users\senghwee\eclipse-w..., appActivity: com.sph.straitstimes.views...., appPackage: com.buuuk.st, automationName: UiAutomator2, databaseEnabled: false, desired: {app: C:\Users\senghwee\eclipse-w..., appActivity: com.sph.straitstimes.views...., appPackage: com.buuuk.st, automationName: UiAutomator2, deviceName: Samsung Galaxy S9, fullReset: false, noReset: true, platformName: android, udid: 22b222b23d047ece}, deviceApiLevel: 28, deviceManufacturer: samsung, deviceModel: SM-G960F, deviceName: 22b222b23d047ece, deviceScreenDensity: 480, deviceScreenSize: 1080x2220, deviceUDID: 22b222b23d047ece, fullReset: false, javascriptEnabled: true, locationContextEnabled: false, networkConnectionEnabled: true, noReset: true, pixelRatio: 3, platform: LINUX, platformName: Android, platformVersion: 9, statBarHeight: 72, takesScreenshot: true, udid: 22b222b23d047ece, viewportRect: {height: 2004, left: 0, top: 72, width: 1080}, warnings: {}, webStorageEnabled: false}
Session ID: 60333423-bc64-46c2-a501-457a8a646e5f
*** Element info: {Using=id, value=btn_tnc_ok}
at org.openqa.selenium.remote.http.W3CHttpResponseCodec.createException(W3CHttpResponseCodec.java:187)
at org.openqa.selenium.remote.http.W3CHttpResponseCodec.decode(W3CHttpResponseCodec.java:122)
at org.openqa.selenium.remote.http.W3CHttpResponseCodec.decode(W3CHttpResponseCodec.java:49)
at org.openqa.selenium.remote.HttpCommandExecutor.execute(HttpCommandExecutor.java:158)
at io.appium.java_client.remote.AppiumCommandExecutor.execute(AppiumCommandExecutor.java:239)
at org.openqa.selenium.remote.RemoteWebDriver.execute(RemoteWebDriver.java:552)
at io.appium.java_client.DefaultGenericMobileDriver.execute(DefaultGenericMobileDriver.java:41)
at io.appium.java_client.AppiumDriver.execute(AppiumDriver.java:1)
at io.appium.java_client.android.AndroidDriver.execute(AndroidDriver.java:1)
at org.openqa.selenium.remote.RemoteWebDriver.findElement(RemoteWebDriver.java:323)
at io.appium.java_client.DefaultGenericMobileDriver.findElement(DefaultGenericMobileDriver.java:61)
at io.appium.java_client.AppiumDriver.findElement(AppiumDriver.java:1)
at io.appium.java_client.android.AndroidDriver.findElement(AndroidDriver.java:1)
at org.openqa.selenium.remote.RemoteWebDriver.findElementById(RemoteWebDriver.java:372)
at io.appium.java_client.DefaultGenericMobileDriver.findElementById(DefaultGenericMobileDriver.java:69)
at io.appium.java_client.AppiumDriver.findElementById(AppiumDriver.java:1)
at io.appium.java_client.android.AndroidDriver.findElementById(AndroidDriver.java:1)
at test.testcases.agreeLiscensePage(testcases.java:26)
at java.base/java.util.concurrent.ThreadPoolExecutor.runWorker(ThreadPoolExecutor.java:1128)
at java.base/java.util.concurrent.ThreadPoolExecutor$Worker.run(ThreadPoolExecutor.java:628)
at java.base/java.lang.Thread.run(Thread.java:830)
... Removed 17 stack frames]]>
    </failure>
  </testcase> <!-- agreeLiscensePage -->
</testsuite> <!-- Samsung Galaxy S9 -->
